<?xml version="1.0" encoding="UTF-8"?>
<testng-results skipped="0" failed="0" ignored="0" total="1" passed="1">
  <reporter-output>
  </reporter-output>
  <suite name="com.testscripts.TestScript1" duration-ms="28681" started-at="2020-09-14T12:46:43 IST" finished-at="2020-09-14T12:47:12 IST">
    <groups>
    </groups>
    <test name="Command line test" duration-ms="28681" started-at="2020-09-14T12:46:43 IST" finished-at="2020-09-14T12:47:12 IST">
      <class name="com.testscripts.TestScript1">
        <test-method status="PASS" signature="openBrowser()[pri:0, instance:com.testscripts.TestScript1@29774679]" name="openBrowser" is-config="true" duration-ms="19485" started-at="2020-09-14T12:46:43 IST" finished-at="2020-09-14T12:47:03 IST">
          <reporter-output>
          </reporter-output>
        </test-method> <!-- openBrowser -->
        <test-method status="PASS" signature="loginToApplication()[pri:0, instance:com.testscripts.TestScript1@29774679]" name="loginToApplication" is-config="true" duration-ms="862" started-at="2020-09-14T12:47:03 IST" finished-at="2020-09-14T12:47:03 IST">
          <reporter-output>
          </reporter-output>
        </test-method> <!-- loginToApplication -->
        <test-method status="PASS" signature="creatingTask()[pri:0, instance:com.testscripts.TestScript1@29774679]" name="creatingTask" duration-ms="6133" started-at="2020-09-14T12:47:03 IST" finished-at="2020-09-14T12:47:10 IST">
          <reporter-output>
          </reporter-output>
        </test-method> <!-- creatingTask -->
        <test-method status="PASS" signature="logout()[pri:0, instance:com.testscripts.TestScript1@29774679]" name="logout" is-config="true" duration-ms="1183" started-at="2020-09-14T12:47:10 IST" finished-at="2020-09-14T12:47:11 IST">
          <reporter-output>
          </reporter-output>
        </test-method> <!-- logout -->
        <test-method status="PASS" signature="closeBrowser()[pri:0, instance:com.testscripts.TestScript1@29774679]" name="closeBrowser" is-config="true" duration-ms="947" started-at="2020-09-14T12:47:11 IST" finished-at="2020-09-14T12:47:12 IST">
          <reporter-output>
          </reporter-output>
        </test-method> <!-- closeBrowser -->
      </class> <!-- com.testscripts.TestScript1 -->
    </test> <!-- Command line test -->
  </suite> <!-- com.testscripts.TestScript1 -->
</testng-results>
